<?xml version="1.0" encoding="UTF-8"?>
<testng-results ignored="0" total="1" passed="1" failed="0" skipped="0">
  <reporter-output>
  </reporter-output>
  <suite started-at="2022-10-20T00:55:35 CEST" name="Default suite" finished-at="2022-10-20T00:56:12 CEST" duration-ms="36019">
    <groups>
      <group name="cucumber">
        <method signature="AbstractTestNGCucumberTests.feature(cucumber.api.testng.CucumberFeatureWrapper)[pri:0, instance:DemoblezRunner.Demoblez_TestRunner@7fee8714]" name="feature" class="cucumber.api.testng.AbstractTestNGCucumberTests"/>
      </group> <!-- cucumber -->
    </groups>
    <test started-at="2022-10-20T00:55:35 CEST" name="Default test" finished-at="2022-10-20T00:56:12 CEST" duration-ms="36019">
      <class name="DemoblezRunner.Demoblez_TestRunner">
        <test-method is-config="true" signature="setUpClass()[pri:0, instance:DemoblezRunner.Demoblez_TestRunner@7fee8714]" started-at="2022-10-20T00:55:36 CEST" name="setUpClass" finished-at="2022-10-20T00:55:36 CEST" duration-ms="560" status="PASS">
          <reporter-output>
          </reporter-output>
        </test-method> <!-- setUpClass -->
        <test-method signature="feature(cucumber.api.testng.CucumberFeatureWrapper)[pri:0, instance:DemoblezRunner.Demoblez_TestRunner@7fee8714]" started-at="2022-10-20T00:55:36 CEST" name="feature" description="Runs Cucumber Feature" data-provider="features" finished-at="2022-10-20T00:56:11 CEST" duration-ms="35087" status="PASS">
          <params>
            <param index="0">
              <value>
                <![CDATA[This is a demoblaze feature file]]>
              </value>
            </param>
          </params>
          <reporter-output>
          </reporter-output>
        </test-method> <!-- feature -->
        <test-method is-config="true" signature="tearDownClass()[pri:0, instance:DemoblezRunner.Demoblez_TestRunner@7fee8714]" started-at="2022-10-20T00:56:11 CEST" name="tearDownClass" finished-at="2022-10-20T00:56:12 CEST" duration-ms="20" status="PASS">
          <reporter-output>
          </reporter-output>
        </test-method> <!-- tearDownClass -->
      </class> <!-- DemoblezRunner.Demoblez_TestRunner -->
    </test> <!-- Default test -->
  </suite> <!-- Default suite -->
</testng-results>
